\BOOKMARK [0][]{chapter.1}{1 使用Capture画原理图}{}% 1
\BOOKMARK [0][]{chapter.2}{2 建议规范}{}% 2
\BOOKMARK [1][]{section.2.1}{2.1 Allegro配色方案}{chapter.2}% 3
\BOOKMARK [2][]{subsection.2.1.1}{2.1.1\040ETCH}{section.2.1}% 4
\BOOKMARK [2][]{subsection.2.1.2}{2.1.2\040Net}{section.2.1}% 5
\BOOKMARK [2][]{subsection.2.1.3}{2.1.3 其他辅助层}{section.2.1}% 6
\BOOKMARK [0][]{chapter.3}{3 使用Allegro画PCB}{}% 7
\BOOKMARK [0][]{chapter.4}{4 平时的一些经验}{}% 8
\BOOKMARK [1][]{section.4.1}{4.1 制作LOGO}{chapter.4}% 9
\BOOKMARK [1][]{section.4.2}{4.2 Skill教程}{chapter.4}% 10
\BOOKMARK [2][]{subsection.4.2.1}{4.2.1 Allegro skill介绍}{section.4.2}% 11
\BOOKMARK [2][]{subsection.4.2.2}{4.2.2 Allegro skill设置方法}{section.4.2}% 12
\BOOKMARK [2][]{subsection.4.2.3}{4.2.3\040AlignTool}{section.4.2}% 13
\BOOKMARK [1][]{section.4.3}{4.3 制作异形过孔}{chapter.4}% 14
\BOOKMARK [1][]{section.4.4}{4.4 从之前的工程中导入光绘设置}{chapter.4}% 15
\BOOKMARK [1][]{section.4.5}{4.5 新建SubClass}{chapter.4}% 16
\BOOKMARK [1][]{section.4.6}{4.6 Allegro设置快捷键}{chapter.4}% 17
\BOOKMARK [2][]{subsection.4.6.1}{4.6.1 快捷键介绍}{section.4.6}% 18
\BOOKMARK [2][]{subsection.4.6.2}{4.6.2 修改快捷键}{section.4.6}% 19
\BOOKMARK [1][]{section.4.7}{4.7 钽电容画法}{chapter.4}% 20
\BOOKMARK [2][]{subsection.4.7.1}{4.7.1 电源去耦电容的作用}{section.4.7}% 21
\BOOKMARK [2][]{subsection.4.7.2}{4.7.2 钽电容画法}{section.4.7}% 22
\BOOKMARK [1][]{section.4.8}{4.8 盲埋孔设计}{chapter.4}% 23
